[0907/025504.028:ERROR:process_reader_win.cc(151)] SuspendThread: Access is denied. (0x5)
[0907/025504.031:ERROR:process_reader_win.cc(151)] SuspendThread: Access is denied. (0x5)
[0907/025504.031:ERROR:process_reader_win.cc(151)] SuspendThread: Access is denied. (0x5)
[0907/025504.031:ERROR:process_reader_win.cc(151)] SuspendThread: Access is denied. (0x5)
[0907/025504.031:ERROR:process_reader_win.cc(151)] SuspendThread: Access is denied. (0x5)
[0907/025504.031:ERROR:process_reader_win.cc(151)] SuspendThread: Access is denied. (0x5)
[0907/025504.031:ERROR:process_reader_win.cc(151)] SuspendThread: Access is denied. (0x5)
[0907/025504.031:ERROR:process_reader_win.cc(151)] SuspendThread: Access is denied. (0x5)
[0907/025504.031:ERROR:process_reader_win.cc(151)] SuspendThread: Access is denied. (0x5)
[0907/025504.032:ERROR:process_reader_win.cc(151)] SuspendThread: Access is denied. (0x5)
[0907/025504.032:ERROR:process_reader_win.cc(151)] SuspendThread: Access is denied. (0x5)
[0907/025504.032:ERROR:process_reader_win.cc(123)] NtOpenThread: {Access Denied} A process has requested access to an object, but has not been granted those access rights. (0xc0000022)
[0907/025504.035:ERROR:exception_snapshot_win.cc(98)] thread ID 22828 not found in process
[0907/025504.044:ERROR:process_reader_win.cc(151)] SuspendThread: Access is denied. (0x5)
[0907/025504.045:ERROR:process_reader_win.cc(151)] SuspendThread: Access is denied. (0x5)
[0907/025504.045:ERROR:process_reader_win.cc(151)] SuspendThread: Access is denied. (0x5)
[0907/025504.045:ERROR:process_reader_win.cc(151)] SuspendThread: Access is denied. (0x5)
[0907/025504.045:ERROR:process_reader_win.cc(151)] SuspendThread: Access is denied. (0x5)
[0907/025504.045:ERROR:process_reader_win.cc(151)] SuspendThread: Access is denied. (0x5)
[0907/025504.045:ERROR:process_reader_win.cc(151)] SuspendThread: Access is denied. (0x5)
[0907/025504.045:ERROR:process_reader_win.cc(151)] SuspendThread: Access is denied. (0x5)
[0907/025504.045:ERROR:process_reader_win.cc(151)] SuspendThread: Access is denied. (0x5)
[0907/025504.045:ERROR:process_reader_win.cc(151)] SuspendThread: Access is denied. (0x5)
[0907/025504.045:ERROR:process_reader_win.cc(151)] SuspendThread: Access is denied. (0x5)
[0907/025504.045:ERROR:process_reader_win.cc(151)] SuspendThread: Access is denied. (0x5)
[0907/025504.045:ERROR:process_reader_win.cc(123)] NtOpenThread: {Access Denied} A process has requested access to an object, but has not been granted those access rights. (0xc0000022)
[0907/025504.045:ERROR:exception_snapshot_win.cc(98)] thread ID 2364 not found in process
[0907/025504.050:ERROR:process_reader_win.cc(151)] SuspendThread: Access is denied. (0x5)
[0907/025504.051:ERROR:process_reader_win.cc(151)] SuspendThread: Access is denied. (0x5)
[0907/025504.051:ERROR:process_reader_win.cc(151)] SuspendThread: Access is denied. (0x5)
[0907/025504.051:ERROR:process_reader_win.cc(151)] SuspendThread: Access is denied. (0x5)
[0907/025504.051:ERROR:process_reader_win.cc(151)] SuspendThread: Access is denied. (0x5)
[0907/025504.051:ERROR:process_reader_win.cc(151)] SuspendThread: Access is denied. (0x5)
[0907/025504.051:ERROR:process_reader_win.cc(151)] SuspendThread: Access is denied. (0x5)
[0907/025504.051:ERROR:process_reader_win.cc(151)] SuspendThread: Access is denied. (0x5)
[0907/025504.051:ERROR:process_reader_win.cc(151)] SuspendThread: Access is denied. (0x5)
[0907/025504.051:ERROR:process_reader_win.cc(123)] NtOpenThread: {Access Denied} A process has requested access to an object, but has not been granted those access rights. (0xc0000022)
[0907/025504.051:ERROR:exception_snapshot_win.cc(98)] thread ID 15940 not found in process
[0907/025504.052:ERROR:process_reader_win.cc(151)] SuspendThread: Access is denied. (0x5)
[0907/025504.052:ERROR:process_reader_win.cc(151)] SuspendThread: Access is denied. (0x5)
[0907/025504.052:ERROR:process_reader_win.cc(151)] SuspendThread: Access is denied. (0x5)
[0907/025504.052:ERROR:process_reader_win.cc(151)] SuspendThread: Access is denied. (0x5)
[0907/025504.052:ERROR:process_reader_win.cc(151)] SuspendThread: Access is denied. (0x5)
[0907/025504.053:ERROR:process_reader_win.cc(151)] SuspendThread: Access is denied. (0x5)
[0907/025504.053:ERROR:process_reader_win.cc(151)] SuspendThread: Access is denied. (0x5)
[0907/025504.053:ERROR:process_reader_win.cc(151)] SuspendThread: Access is denied. (0x5)
[0907/025504.053:ERROR:process_reader_win.cc(151)] SuspendThread: Access is denied. (0x5)
[0907/025504.053:ERROR:process_reader_win.cc(151)] SuspendThread: Access is denied. (0x5)
[0907/025504.053:ERROR:process_reader_win.cc(151)] SuspendThread: Access is denied. (0x5)
[0907/025504.053:ERROR:process_reader_win.cc(123)] NtOpenThread: {Access Denied} A process has requested access to an object, but has not been granted those access rights. (0xc0000022)
[0907/025504.053:ERROR:exception_snapshot_win.cc(98)] thread ID 8404 not found in process
[0907/025504.073:ERROR:process_reader_win.cc(151)] SuspendThread: Access is denied. (0x5)
[0907/025504.073:ERROR:process_reader_win.cc(151)] SuspendThread: Access is denied. (0x5)
[0907/025504.073:ERROR:process_reader_win.cc(151)] SuspendThread: Access is denied. (0x5)
[0907/025504.073:ERROR:process_reader_win.cc(151)] SuspendThread: Access is denied. (0x5)
[0907/025504.073:ERROR:process_reader_win.cc(151)] SuspendThread: Access is denied. (0x5)
[0907/025504.073:ERROR:process_reader_win.cc(151)] SuspendThread: Access is denied. (0x5)
[0907/025504.073:ERROR:process_reader_win.cc(151)] SuspendThread: Access is denied. (0x5)
[0907/025504.073:ERROR:process_reader_win.cc(151)] SuspendThread: Access is denied. (0x5)
[0907/025504.073:ERROR:process_reader_win.cc(151)] SuspendThread: Access is denied. (0x5)
[0907/025504.073:ERROR:process_reader_win.cc(151)] SuspendThread: Access is denied. (0x5)
[0907/025504.073:ERROR:process_reader_win.cc(151)] SuspendThread: Access is denied. (0x5)
[0907/025504.074:ERROR:process_reader_win.cc(151)] SuspendThread: Access is denied. (0x5)
[0907/025504.074:ERROR:process_reader_win.cc(123)] NtOpenThread: {Access Denied} A process has requested access to an object, but has not been granted those access rights. (0xc0000022)
[0907/025504.074:ERROR:exception_snapshot_win.cc(98)] thread ID 13540 not found in process
[0907/025504.079:ERROR:process_reader_win.cc(151)] SuspendThread: Access is denied. (0x5)
[0907/025504.079:ERROR:process_reader_win.cc(151)] SuspendThread: Access is denied. (0x5)
[0907/025504.079:ERROR:process_reader_win.cc(151)] SuspendThread: Access is denied. (0x5)
[0907/025504.079:ERROR:process_reader_win.cc(151)] SuspendThread: Access is denied. (0x5)
[0907/025504.079:ERROR:process_reader_win.cc(151)] SuspendThread: Access is denied. (0x5)
[0907/025504.079:ERROR:process_reader_win.cc(151)] SuspendThread: Access is denied. (0x5)
[0907/025504.079:ERROR:process_reader_win.cc(151)] SuspendThread: Access is denied. (0x5)
[0907/025504.079:ERROR:process_reader_win.cc(151)] SuspendThread: Access is denied. (0x5)
[0907/025504.079:ERROR:process_reader_win.cc(151)] SuspendThread: Access is denied. (0x5)
[0907/025504.079:ERROR:process_reader_win.cc(151)] SuspendThread: Access is denied. (0x5)
[0907/025504.079:ERROR:process_reader_win.cc(151)] SuspendThread: Access is denied. (0x5)
[0907/025504.079:ERROR:process_reader_win.cc(151)] SuspendThread: Access is denied. (0x5)
[0907/025504.079:ERROR:process_reader_win.cc(123)] NtOpenThread: {Access Denied} A process has requested access to an object, but has not been granted those access rights. (0xc0000022)
[0907/025504.080:ERROR:exception_snapshot_win.cc(98)] thread ID 11012 not found in process
[0907/025504.093:ERROR:process_reader_win.cc(151)] SuspendThread: Access is denied. (0x5)
[0907/025504.093:ERROR:process_reader_win.cc(151)] SuspendThread: Access is denied. (0x5)
[0907/025504.093:ERROR:process_reader_win.cc(151)] SuspendThread: Access is denied. (0x5)
[0907/025504.093:ERROR:process_reader_win.cc(151)] SuspendThread: Access is denied. (0x5)
[0907/025504.093:ERROR:process_reader_win.cc(151)] SuspendThread: Access is denied. (0x5)
[0907/025504.093:ERROR:process_reader_win.cc(151)] SuspendThread: Access is denied. (0x5)
[0907/025504.093:ERROR:process_reader_win.cc(151)] SuspendThread: Access is denied. (0x5)
[0907/025504.093:ERROR:process_reader_win.cc(151)] SuspendThread: Access is denied. (0x5)
[0907/025504.093:ERROR:process_reader_win.cc(123)] NtOpenThread: {Access Denied} A process has requested access to an object, but has not been granted those access rights. (0xc0000022)
[0907/025504.093:ERROR:exception_snapshot_win.cc(98)] thread ID 23484 not found in process
[0907/025504.117:ERROR:process_reader_win.cc(151)] SuspendThread: Access is denied. (0x5)
[0907/025504.117:ERROR:process_reader_win.cc(151)] SuspendThread: Access is denied. (0x5)
[0907/025504.117:ERROR:process_reader_win.cc(151)] SuspendThread: Access is denied. (0x5)
[0907/025504.117:ERROR:process_reader_win.cc(151)] SuspendThread: Access is denied. (0x5)
[0907/025504.117:ERROR:process_reader_win.cc(151)] SuspendThread: Access is denied. (0x5)
[0907/025504.117:ERROR:process_reader_win.cc(151)] SuspendThread: Access is denied. (0x5)
[0907/025504.117:ERROR:process_reader_win.cc(151)] SuspendThread: Access is denied. (0x5)
[0907/025504.117:ERROR:process_reader_win.cc(151)] SuspendThread: Access is denied. (0x5)
[0907/025504.117:ERROR:process_reader_win.cc(151)] SuspendThread: Access is denied. (0x5)
[0907/025504.117:ERROR:process_reader_win.cc(151)] SuspendThread: Access is denied. (0x5)
[0907/025504.117:ERROR:process_reader_win.cc(151)] SuspendThread: Access is denied. (0x5)
[0907/025504.117:ERROR:process_reader_win.cc(151)] SuspendThread: Access is denied. (0x5)
[0907/025504.117:ERROR:process_reader_win.cc(123)] NtOpenThread: {Access Denied} A process has requested access to an object, but has not been granted those access rights. (0xc0000022)
[0907/025504.117:ERROR:exception_snapshot_win.cc(98)] thread ID 18924 not found in process
[0907/025504.119:ERROR:process_reader_win.cc(151)] SuspendThread: Access is denied. (0x5)
[0907/025504.119:ERROR:process_reader_win.cc(151)] SuspendThread: Access is denied. (0x5)
[0907/025504.119:ERROR:process_reader_win.cc(151)] SuspendThread: Access is denied. (0x5)
[0907/025504.119:ERROR:process_reader_win.cc(151)] SuspendThread: Access is denied. (0x5)
[0907/025504.119:ERROR:process_reader_win.cc(151)] SuspendThread: Access is denied. (0x5)
[0907/025504.119:ERROR:process_reader_win.cc(151)] SuspendThread: Access is denied. (0x5)
[0907/025504.119:ERROR:process_reader_win.cc(151)] SuspendThread: Access is denied. (0x5)
[0907/025504.119:ERROR:process_reader_win.cc(151)] SuspendThread: Access is denied. (0x5)
[0907/025504.119:ERROR:process_reader_win.cc(151)] SuspendThread: Access is denied. (0x5)
[0907/025504.119:ERROR:process_reader_win.cc(151)] SuspendThread: Access is denied. (0x5)
[0907/025504.119:ERROR:process_reader_win.cc(123)] NtOpenThread: {Access Denied} A process has requested access to an object, but has not been granted those access rights. (0xc0000022)
[0907/025504.119:ERROR:exception_snapshot_win.cc(98)] thread ID 8892 not found in process
[0910/030804.524:ERROR:process_reader_win.cc(151)] SuspendThread: Access is denied. (0x5)
[0910/030804.528:ERROR:process_reader_win.cc(151)] SuspendThread: Access is denied. (0x5)
[0910/030804.528:ERROR:process_reader_win.cc(151)] SuspendThread: Access is denied. (0x5)
[0910/030804.528:ERROR:process_reader_win.cc(151)] SuspendThread: Access is denied. (0x5)
[0910/030804.528:ERROR:process_reader_win.cc(151)] SuspendThread: Access is denied. (0x5)
[0910/030804.529:ERROR:process_reader_win.cc(151)] SuspendThread: Access is denied. (0x5)
[0910/030804.529:ERROR:process_reader_win.cc(151)] SuspendThread: Access is denied. (0x5)
[0910/030804.529:ERROR:process_reader_win.cc(151)] SuspendThread: Access is denied. (0x5)
[0910/030804.529:ERROR:process_reader_win.cc(151)] SuspendThread: Access is denied. (0x5)
[0910/030804.529:ERROR:process_reader_win.cc(151)] SuspendThread: Access is denied. (0x5)
[0910/030804.529:ERROR:process_reader_win.cc(151)] SuspendThread: Access is denied. (0x5)
[0910/030804.524:ERROR:process_reader_win.cc(151)] SuspendThread: Access is denied. (0x5)
[0910/030804.529:ERROR:process_reader_win.cc(151)] SuspendThread: Access is denied. (0x5)
[0910/030804.529:ERROR:process_reader_win.cc(123)] NtOpenThread: {Access Denied} A process has requested access to an object, but has not been granted those access rights. (0xc0000022)
[0910/030804.529:ERROR:process_reader_win.cc(151)] SuspendThread: Access is denied. (0x5)
[0910/030804.529:ERROR:exception_snapshot_win.cc(99)] thread ID 26588 not found in process
[0910/030804.529:ERROR:process_reader_win.cc(151)] SuspendThread: Access is denied. (0x5)
[0910/030804.529:ERROR:process_reader_win.cc(151)] SuspendThread: Access is denied. (0x5)
[0910/030804.529:ERROR:process_reader_win.cc(151)] SuspendThread: Access is denied. (0x5)
[0910/030804.529:ERROR:process_reader_win.cc(151)] SuspendThread: Access is denied. (0x5)
[0910/030804.529:ERROR:process_reader_win.cc(151)] SuspendThread: Access is denied. (0x5)
[0910/030804.529:ERROR:process_reader_win.cc(151)] SuspendThread: Access is denied. (0x5)
[0910/030804.529:ERROR:process_reader_win.cc(151)] SuspendThread: Access is denied. (0x5)
[0910/030804.529:ERROR:process_reader_win.cc(151)] SuspendThread: Access is denied. (0x5)
[0910/030804.529:ERROR:process_reader_win.cc(151)] SuspendThread: Access is denied. (0x5)
[0910/030804.530:ERROR:process_reader_win.cc(123)] NtOpenThread: {Access Denied} A process has requested access to an object, but has not been granted those access rights. (0xc0000022)
[0910/030804.530:ERROR:exception_snapshot_win.cc(99)] thread ID 15392 not found in process
[0910/030804.524:ERROR:process_reader_win.cc(123)] NtOpenThread: {Access Denied} A process has requested access to an object, but has not been granted those access rights. (0xc0000022)
[0910/030804.530:ERROR:exception_snapshot_win.cc(99)] thread ID 21260 not found in process
[0910/030804.543:ERROR:process_reader_win.cc(151)] SuspendThread: Access is denied. (0x5)
[0910/030804.543:ERROR:process_reader_win.cc(151)] SuspendThread: Access is denied. (0x5)
[0910/030804.543:ERROR:process_reader_win.cc(151)] SuspendThread: Access is denied. (0x5)
[0910/030804.543:ERROR:process_reader_win.cc(151)] SuspendThread: Access is denied. (0x5)
[0910/030804.543:ERROR:process_reader_win.cc(151)] SuspendThread: Access is denied. (0x5)
[0910/030804.543:ERROR:process_reader_win.cc(151)] SuspendThread: Access is denied. (0x5)
[0910/030804.543:ERROR:process_reader_win.cc(151)] SuspendThread: Access is denied. (0x5)
[0910/030804.543:ERROR:process_reader_win.cc(151)] SuspendThread: Access is denied. (0x5)
[0910/030804.543:ERROR:process_reader_win.cc(151)] SuspendThread: Access is denied. (0x5)
[0910/030804.543:ERROR:process_reader_win.cc(151)] SuspendThread: Access is denied. (0x5)
[0910/030804.543:ERROR:process_reader_win.cc(151)] SuspendThread: Access is denied. (0x5)
[0910/030804.543:ERROR:process_reader_win.cc(151)] SuspendThread: Access is denied. (0x5)
[0910/030804.543:ERROR:process_reader_win.cc(123)] NtOpenThread: {Access Denied} A process has requested access to an object, but has not been granted those access rights. (0xc0000022)
[0910/030804.543:ERROR:exception_snapshot_win.cc(99)] thread ID 9732 not found in process
[0910/030804.548:ERROR:process_reader_win.cc(151)] SuspendThread: Access is denied. (0x5)
[0910/030804.548:ERROR:process_reader_win.cc(151)] SuspendThread: Access is denied. (0x5)
[0910/030804.548:ERROR:process_reader_win.cc(151)] SuspendThread: Access is denied. (0x5)
[0910/030804.548:ERROR:process_reader_win.cc(151)] SuspendThread: Access is denied. (0x5)
[0910/030804.549:ERROR:process_reader_win.cc(151)] SuspendThread: Access is denied. (0x5)
[0910/030804.549:ERROR:process_reader_win.cc(151)] SuspendThread: Access is denied. (0x5)
[0910/030804.549:ERROR:process_reader_win.cc(151)] SuspendThread: Access is denied. (0x5)
[0910/030804.549:ERROR:process_reader_win.cc(151)] SuspendThread: Access is denied. (0x5)
[0910/030804.549:ERROR:process_reader_win.cc(151)] SuspendThread: Access is denied. (0x5)
[0910/030804.549:ERROR:process_reader_win.cc(151)] SuspendThread: Access is denied. (0x5)
[0910/030804.549:ERROR:process_reader_win.cc(151)] SuspendThread: Access is denied. (0x5)
[0910/030804.549:ERROR:process_reader_win.cc(151)] SuspendThread: Access is denied. (0x5)
[0910/030804.549:ERROR:process_reader_win.cc(151)] SuspendThread: Access is denied. (0x5)
[0910/030804.549:ERROR:process_reader_win.cc(151)] SuspendThread: Access is denied. (0x5)
[0910/030804.549:ERROR:process_reader_win.cc(123)] NtOpenThread: {Access Denied} A process has requested access to an object, but has not been granted those access rights. (0xc0000022)
[0910/030804.549:ERROR:exception_snapshot_win.cc(99)] thread ID 16508 not found in process
[0910/030804.553:ERROR:process_reader_win.cc(151)] SuspendThread: Access is denied. (0x5)
[0910/030804.553:ERROR:process_reader_win.cc(151)] SuspendThread: Access is denied. (0x5)
[0910/030804.553:ERROR:process_reader_win.cc(151)] SuspendThread: Access is denied. (0x5)
[0910/030804.553:ERROR:process_reader_win.cc(151)] SuspendThread: Access is denied. (0x5)
[0910/030804.553:ERROR:process_reader_win.cc(151)] SuspendThread: Access is denied. (0x5)
[0910/030804.553:ERROR:process_reader_win.cc(151)] SuspendThread: Access is denied. (0x5)
[0910/030804.553:ERROR:process_reader_win.cc(151)] SuspendThread: Access is denied. (0x5)
[0910/030804.553:ERROR:process_reader_win.cc(151)] SuspendThread: Access is denied. (0x5)
[0910/030804.553:ERROR:process_reader_win.cc(151)] SuspendThread: Access is denied. (0x5)
[0910/030804.553:ERROR:process_reader_win.cc(123)] NtOpenThread: An invalid Client ID was specified. (0xc000000b)
[0910/030804.553:ERROR:exception_snapshot_win.cc(99)] thread ID 15496 not found in process
[0910/030804.564:ERROR:process_reader_win.cc(123)] NtOpenThread: {Access Denied} A process has requested access to an object, but has not been granted those access rights. (0xc0000022)
[0910/030804.564:ERROR:exception_snapshot_win.cc(99)] thread ID 26032 not found in process
[1019/042955.774:ERROR:directory_reader_win.cc(43)] FindFirstFile: The system cannot find the path specified. (0x3)
[1020/044552.981:ERROR:directory_reader_win.cc(43)] FindFirstFile: The system cannot find the path specified. (0x3)
[1022/042612.705:ERROR:directory_reader_win.cc(43)] FindFirstFile: The system cannot find the path specified. (0x3)
[1023/051110.466:ERROR:directory_reader_win.cc(43)] FindFirstFile: The system cannot find the path specified. (0x3)
[1103/100838.192:ERROR:directory_reader_win.cc(43)] FindFirstFile: The system cannot find the path specified. (0x3)
[1104/151946.693:ERROR:directory_reader_win.cc(43)] FindFirstFile: The system cannot find the path specified. (0x3)
[1106/205815.983:ERROR:directory_reader_win.cc(43)] FindFirstFile: The system cannot find the path specified. (0x3)
[1110/142650.775:ERROR:process_reader_win.cc(123)] NtOpenThread: {Access Denied} A process has requested access to an object, but has not been granted those access rights. (0xc0000022)
[1110/142650.778:ERROR:exception_snapshot_win.cc(99)] thread ID 20428 not found in process
[1110/142650.780:ERROR:process_reader_win.cc(151)] SuspendThread: Access is denied. (0x5)
[1110/142650.780:ERROR:process_reader_win.cc(123)] NtOpenThread: {Access Denied} A process has requested access to an object, but has not been granted those access rights. (0xc0000022)
[1110/142650.780:ERROR:exception_snapshot_win.cc(99)] thread ID 20104 not found in process
[1110/142650.786:ERROR:process_reader_win.cc(123)] NtOpenThread: {Access Denied} A process has requested access to an object, but has not been granted those access rights. (0xc0000022)
[1110/142650.787:ERROR:exception_snapshot_win.cc(99)] thread ID 20100 not found in process
[1110/142650.775:ERROR:process_reader_win.cc(123)] NtOpenThread: {Access Denied} A process has requested access to an object, but has not been granted those access rights. (0xc0000022)
[1110/142650.787:ERROR:exception_snapshot_win.cc(99)] thread ID 19204 not found in process
[1110/142650.775:ERROR:process_reader_win.cc(123)] NtOpenThread: {Access Denied} A process has requested access to an object, but has not been granted those access rights. (0xc0000022)
[1110/142650.787:ERROR:exception_snapshot_win.cc(99)] thread ID 16292 not found in process
[1110/142650.797:ERROR:process_reader_win.cc(123)] NtOpenThread: {Access Denied} A process has requested access to an object, but has not been granted those access rights. (0xc0000022)
[1110/142650.797:ERROR:exception_snapshot_win.cc(99)] thread ID 20136 not found in process
[1112/200232.856:ERROR:directory_reader_win.cc(43)] FindFirstFile: The system cannot find the path specified. (0x3)
[1117/144749.102:ERROR:directory_reader_win.cc(43)] FindFirstFile: The system cannot find the path specified. (0x3)
